2021-12-31 09:31:26.150  INFO 13288 --- [main] com.torryharris.demo.Application         : Starting Application using Java 17 on THBSSTRLPT-172 with PID 13288 (C:\Users\divya_byregowda\IdeaProjects\spring\target\classes started by divya_byregowda in C:\Users\divya_byregowda\IdeaProjects\spring)
2021-12-31 09:31:26.163  INFO 13288 --- [main] com.torryharris.demo.Application         : No active profile set, falling back to default profiles: default
2021-12-31 09:31:27.147  INFO 13288 --- [main] .s.d.r.c.RepositoryConfigurationDelegate : Bootstrapping Spring Data JPA repositories in DEFAULT mode.
2021-12-31 09:31:27.269  INFO 13288 --- [main] .s.d.r.c.RepositoryConfigurationDelegate : Finished Spring Data repository scanning in 100 ms. Found 2 JPA repository interfaces.
2021-12-31 09:31:28.062  INFO 13288 --- [main] o.s.b.w.embedded.tomcat.TomcatWebServer  : Tomcat initialized with port(s): 8080 (http)
2021-12-31 09:31:28.076  INFO 13288 --- [main] o.apache.catalina.core.StandardService   : Starting service [Tomcat]
2021-12-31 09:31:28.077  INFO 13288 --- [main] org.apache.catalina.core.StandardEngine  : Starting Servlet engine: [Apache Tomcat/9.0.54]
2021-12-31 09:31:28.231  INFO 13288 --- [main] o.a.c.c.C.[Tomcat].[localhost].[/]       : Initializing Spring embedded WebApplicationContext
2021-12-31 09:31:28.231  INFO 13288 --- [main] w.s.c.ServletWebServerApplicationContext : Root WebApplicationContext: initialization completed in 1986 ms
2021-12-31 09:31:28.497  INFO 13288 --- [main] o.hibernate.jpa.internal.util.LogHelper  : HHH000204: Processing PersistenceUnitInfo [name: default]
2021-12-31 09:31:28.593  INFO 13288 --- [main] org.hibernate.Version                    : HHH000412: Hibernate ORM core version 5.4.32.Final
2021-12-31 09:31:28.805  INFO 13288 --- [main] o.hibernate.annotations.common.Version   : HCANN000001: Hibernate Commons Annotations {5.1.2.Final}
2021-12-31 09:31:28.940  INFO 13288 --- [main] com.zaxxer.hikari.HikariDataSource       : HikariPool-1 - Starting...
2021-12-31 09:31:29.496  INFO 13288 --- [main] com.zaxxer.hikari.HikariDataSource       : HikariPool-1 - Start completed.
2021-12-31 09:31:29.534  INFO 13288 --- [main] org.hibernate.dialect.Dialect            : HHH000400: Using dialect: org.hibernate.dialect.MySQL8Dialect
2021-12-31 09:31:30.620  INFO 13288 --- [main] o.h.e.t.j.p.i.JtaPlatformInitiator       : HHH000490: Using JtaPlatform implementation: [org.hibernate.engine.transaction.jta.platform.internal.NoJtaPlatform]
2021-12-31 09:31:30.628  INFO 13288 --- [main] j.LocalContainerEntityManagerFactoryBean : Initialized JPA EntityManagerFactory for persistence unit 'default'
2021-12-31 09:31:31.172  WARN 13288 --- [main] JpaBaseConfiguration$JpaWebConfiguration : spring.jpa.open-in-view is enabled by default. Therefore, database queries may be performed during view rendering. Explicitly configure spring.jpa.open-in-view to disable this warning
2021-12-31 09:31:31.628  INFO 13288 --- [main] o.s.b.w.embedded.tomcat.TomcatWebServer  : Tomcat started on port(s): 8080 (http) with context path ''
2021-12-31 09:31:31.646  INFO 13288 --- [main] com.torryharris.demo.Application         : Started Application in 6.096 seconds (JVM running for 6.857)
2021-12-31 09:31:31.649  INFO 13288 --- [main] com.torryharris.demo.Application         : End
2021-12-31 09:51:23.958  INFO 13288 --- [SpringApplicationShutdownHook] j.LocalContainerEntityManagerFactoryBean : Closing JPA EntityManagerFactory for persistence unit 'default'
2021-12-31 09:51:23.963  INFO 13288 --- [SpringApplicationShutdownHook] com.zaxxer.hikari.HikariDataSource       : HikariPool-1 - Shutdown initiated...
2021-12-31 09:51:23.977  INFO 13288 --- [SpringApplicationShutdownHook] com.zaxxer.hikari.HikariDataSource       : HikariPool-1 - Shutdown completed.
2021-12-31 11:53:18.303  INFO 6980 --- [main] com.torryharris.demo.Application         : Starting Application using Java 17 on THBSSTRLPT-172 with PID 6980 (C:\Users\divya_byregowda\IdeaProjects\spring\target\classes started by divya_byregowda in C:\Users\divya_byregowda\IdeaProjects\spring)
2021-12-31 11:53:18.306  INFO 6980 --- [main] com.torryharris.demo.Application         : No active profile set, falling back to default profiles: default
2021-12-31 11:53:19.205  INFO 6980 --- [main] .s.d.r.c.RepositoryConfigurationDelegate : Bootstrapping Spring Data JPA repositories in DEFAULT mode.
2021-12-31 11:53:19.299  INFO 6980 --- [main] .s.d.r.c.RepositoryConfigurationDelegate : Finished Spring Data repository scanning in 78 ms. Found 2 JPA repository interfaces.
2021-12-31 11:53:20.043  INFO 6980 --- [main] o.s.b.w.embedded.tomcat.TomcatWebServer  : Tomcat initialized with port(s): 8080 (http)
2021-12-31 11:53:20.059  INFO 6980 --- [main] o.apache.catalina.core.StandardService   : Starting service [Tomcat]
2021-12-31 11:53:20.059  INFO 6980 --- [main] org.apache.catalina.core.StandardEngine  : Starting Servlet engine: [Apache Tomcat/9.0.54]
2021-12-31 11:53:20.187  INFO 6980 --- [main] o.a.c.c.C.[Tomcat].[localhost].[/]       : Initializing Spring embedded WebApplicationContext
2021-12-31 11:53:20.188  INFO 6980 --- [main] w.s.c.ServletWebServerApplicationContext : Root WebApplicationContext: initialization completed in 1777 ms
2021-12-31 11:53:20.461  INFO 6980 --- [main] o.hibernate.jpa.internal.util.LogHelper  : HHH000204: Processing PersistenceUnitInfo [name: default]
2021-12-31 11:53:20.558  INFO 6980 --- [main] org.hibernate.Version                    : HHH000412: Hibernate ORM core version 5.4.32.Final
2021-12-31 11:53:20.764  INFO 6980 --- [main] o.hibernate.annotations.common.Version   : HCANN000001: Hibernate Commons Annotations {5.1.2.Final}
2021-12-31 11:53:20.886  INFO 6980 --- [main] com.zaxxer.hikari.HikariDataSource       : HikariPool-1 - Starting...
2021-12-31 11:53:21.335  INFO 6980 --- [main] com.zaxxer.hikari.HikariDataSource       : HikariPool-1 - Start completed.
2021-12-31 11:53:21.369  INFO 6980 --- [main] org.hibernate.dialect.Dialect            : HHH000400: Using dialect: org.hibernate.dialect.MySQL8Dialect
2021-12-31 11:53:22.312  INFO 6980 --- [main] o.h.e.t.j.p.i.JtaPlatformInitiator       : HHH000490: Using JtaPlatform implementation: [org.hibernate.engine.transaction.jta.platform.internal.NoJtaPlatform]
2021-12-31 11:53:22.320  INFO 6980 --- [main] j.LocalContainerEntityManagerFactoryBean : Initialized JPA EntityManagerFactory for persistence unit 'default'
2021-12-31 11:53:22.854  WARN 6980 --- [main] JpaBaseConfiguration$JpaWebConfiguration : spring.jpa.open-in-view is enabled by default. Therefore, database queries may be performed during view rendering. Explicitly configure spring.jpa.open-in-view to disable this warning
2021-12-31 11:53:23.321  INFO 6980 --- [main] o.s.b.w.embedded.tomcat.TomcatWebServer  : Tomcat started on port(s): 8080 (http) with context path ''
2021-12-31 11:53:23.337  INFO 6980 --- [main] com.torryharris.demo.Application         : Started Application in 5.744 seconds (JVM running for 6.358)
2021-12-31 11:53:23.341  INFO 6980 --- [main] com.torryharris.demo.Application         : End
2021-12-31 14:44:51.909  INFO 6980 --- [SpringApplicationShutdownHook] j.LocalContainerEntityManagerFactoryBean : Closing JPA EntityManagerFactory for persistence unit 'default'
2021-12-31 14:44:51.923  INFO 6980 --- [SpringApplicationShutdownHook] com.zaxxer.hikari.HikariDataSource       : HikariPool-1 - Shutdown initiated...
2021-12-31 14:44:51.931  INFO 6980 --- [SpringApplicationShutdownHook] com.zaxxer.hikari.HikariDataSource       : HikariPool-1 - Shutdown completed.
